<?xml version="1.0" encoding="UTF-8"?>
<!-- Generated by org.testng.reporters.JUnitXMLReporter -->
<testsuite ignored="0" hostname="sweetu" failures="0" tests="4" name="Default test" time="15.275" errors="0" timestamp="2024-04-23T22:21:01 IST">
  <testcase classname="javaRevision.TestNGDataDrivenTesting" name="LoginwithData" time="3.695"/>
  <testcase classname="javaRevision.TestNGDataDrivenTesting" name="LoginwithData" time="1.994"/>
  <testcase classname="javaRevision.TestNGDataDrivenTesting" name="LoginwithData" time="2.205"/>
  <testcase classname="javaRevision.TestNGDataDrivenTesting" name="LoginwithData" time="7.315"/>
</testsuite> <!-- Default test -->
