<?xml version="1.0" encoding="UTF-8"?>
<testng-results ignored="0" total="4" passed="4" failed="0" skipped="0">
  <reporter-output>
  </reporter-output>
  <suite started-at="2024-04-23T22:20:45 IST" name="Default suite" finished-at="2024-04-23T22:21:01 IST" duration-ms="15275">
    <groups>
    </groups>
    <test started-at="2024-04-23T22:20:45 IST" name="Default test" finished-at="2024-04-23T22:21:01 IST" duration-ms="15275">
      <class name="javaRevision.TestNGDataDrivenTesting">
        <test-method signature="LoginwithData(java.lang.String,java.lang.String)[pri:0, instance:javaRevision.TestNGDataDrivenTesting@5677323c]" started-at="2024-04-23T22:20:45 IST" name="LoginwithData" data-provider="testsample" finished-at="2024-04-23T22:20:49 IST" duration-ms="3695" status="PASS">
          <params>
            <param index="0">
              <value>
                <![CDATA[standard_user]]>
              </value>
            </param>
            <param index="1">
              <value>
                <![CDATA[secret_sauce]]>
              </value>
            </param>
          </params>
          <reporter-output>
          </reporter-output>
        </test-method> <!-- LoginwithData -->
        <test-method signature="LoginwithData(java.lang.String,java.lang.String)[pri:0, instance:javaRevision.TestNGDataDrivenTesting@5677323c]" started-at="2024-04-23T22:20:49 IST" name="LoginwithData" data-provider="testsample" finished-at="2024-04-23T22:20:51 IST" duration-ms="1994" status="PASS">
          <params>
            <param index="0">
              <value>
                <![CDATA[locked_out_user]]>
              </value>
            </param>
            <param index="1">
              <value>
                <![CDATA[secret_sauce]]>
              </value>
            </param>
          </params>
          <reporter-output>
          </reporter-output>
        </test-method> <!-- LoginwithData -->
        <test-method signature="LoginwithData(java.lang.String,java.lang.String)[pri:0, instance:javaRevision.TestNGDataDrivenTesting@5677323c]" started-at="2024-04-23T22:20:51 IST" name="LoginwithData" data-provider="testsample" finished-at="2024-04-23T22:20:53 IST" duration-ms="2205" status="PASS">
          <params>
            <param index="0">
              <value>
                <![CDATA[problem_user]]>
              </value>
            </param>
            <param index="1">
              <value>
                <![CDATA[secret_sauce]]>
              </value>
            </param>
          </params>
          <reporter-output>
          </reporter-output>
        </test-method> <!-- LoginwithData -->
        <test-method signature="LoginwithData(java.lang.String,java.lang.String)[pri:0, instance:javaRevision.TestNGDataDrivenTesting@5677323c]" started-at="2024-04-23T22:20:53 IST" name="LoginwithData" data-provider="testsample" finished-at="2024-04-23T22:21:01 IST" duration-ms="7315" status="PASS">
          <params>
            <param index="0">
              <value>
                <![CDATA[performance_glitch_user]]>
              </value>
            </param>
            <param index="1">
              <value>
                <![CDATA[secret_sauce]]>
              </value>
            </param>
          </params>
          <reporter-output>
          </reporter-output>
        </test-method> <!-- LoginwithData -->
      </class> <!-- javaRevision.TestNGDataDrivenTesting -->
    </test> <!-- Default test -->
  </suite> <!-- Default suite -->
</testng-results>
